c:\users\matt\desktop\school\comp2501\comp2501-project\goobyadventure\goobyadventure\debug\vc140.pdb
c:\users\matt\desktop\school\comp2501\comp2501-project\goobyadventure\goobyadventure\debug\vc140.idb
c:\users\matt\desktop\school\comp2501\comp2501-project\goobyadventure\goobyadventure\debug\bullet.obj
c:\users\matt\desktop\school\comp2501\comp2501-project\goobyadventure\goobyadventure\debug\control.obj
c:\users\matt\desktop\school\comp2501\comp2501-project\goobyadventure\goobyadventure\debug\crafting.obj
c:\users\matt\desktop\school\comp2501\comp2501-project\goobyadventure\goobyadventure\debug\enemy.obj
c:\users\matt\desktop\school\comp2501\comp2501-project\goobyadventure\goobyadventure\debug\game.obj
c:\users\matt\desktop\school\comp2501\comp2501-project\goobyadventure\goobyadventure\debug\hud.obj
c:\users\matt\desktop\school\comp2501\comp2501-project\goobyadventure\goobyadventure\debug\item.obj
c:\users\matt\desktop\school\comp2501\comp2501-project\goobyadventure\goobyadventure\debug\levelscreen.obj
c:\users\matt\desktop\school\comp2501\comp2501-project\goobyadventure\goobyadventure\debug\main.obj
c:\users\matt\desktop\school\comp2501\comp2501-project\goobyadventure\goobyadventure\debug\manager.obj
c:\users\matt\desktop\school\comp2501\comp2501-project\goobyadventure\goobyadventure\debug\model.obj
c:\users\matt\desktop\school\comp2501\comp2501-project\goobyadventure\goobyadventure\debug\platform.obj
c:\users\matt\desktop\school\comp2501\comp2501-project\goobyadventure\goobyadventure\debug\player.obj
c:\users\matt\desktop\school\comp2501\comp2501-project\goobyadventure\goobyadventure\debug\view.obj
c:\users\matt\desktop\school\comp2501\comp2501-project\goobyadventure\goobyadventure\debug\levelmanager.obj
c:\users\matt\desktop\school\comp2501\comp2501-project\goobyadventure\debug\goobyadventure.ilk
c:\users\matt\desktop\school\comp2501\comp2501-project\goobyadventure\debug\goobyadventure.exe
c:\users\matt\desktop\school\comp2501\comp2501-project\goobyadventure\debug\goobyadventure.pdb
c:\users\matt\desktop\school\comp2501\comp2501-project\goobyadventure\goobyadventure\debug\goobyadventure.tlog\cl.command.1.tlog
c:\users\matt\desktop\school\comp2501\comp2501-project\goobyadventure\goobyadventure\debug\goobyadventure.tlog\cl.read.1.tlog
c:\users\matt\desktop\school\comp2501\comp2501-project\goobyadventure\goobyadventure\debug\goobyadventure.tlog\cl.write.1.tlog
c:\users\matt\desktop\school\comp2501\comp2501-project\goobyadventure\goobyadventure\debug\goobyadventure.tlog\link.command.1.tlog
c:\users\matt\desktop\school\comp2501\comp2501-project\goobyadventure\goobyadventure\debug\goobyadventure.tlog\link.read.1.tlog
c:\users\matt\desktop\school\comp2501\comp2501-project\goobyadventure\goobyadventure\debug\goobyadventure.tlog\link.write.1.tlog
